Build started 2016-07-24 13:34:44.
     1>Project "E:\Teach\《编译原理实践》\课程\上机例程\2016分阶段版本\C版本\2加出错处理\pl0Compiler_Error_Recovery\pl0Compiler_Error_Recovery\pl0Compiler_Error_Recovery.vcxproj" on node 2 (build target(s)).
     1>InitializeBuildStatus:
         Creating "Debug\pl0Compiler_Error_Recovery.unsuccessfulbuild" because "AlwaysCreate" was specified.
       ClCompile:
         d:\Program Files (x86)\Microsoft Visual Studio 10.0\VC\bin\CL.exe /c /ZI /nologo /W3 /WX- /Od /Oy- /D WIN32 /D _DEBUG /D _CONSOLE /D _UNICODE /D UNICODE /Gm /EHsc /RTC1 /MDd /GS /fp:precise /Zc:wchar_t /Zc:forScope /Fo"Debug\\" /Fd"Debug\vc100.pdb" /Gd /TC /analyze- /errorReport:prompt pl0ErrorRecovery.c
         pl0ErrorRecovery.c
     1>e:\teach\《编译原理实践》\课程\上机例程\2016分阶段版本\c版本\2加出错处理\pl0compiler_error_recovery\pl0compiler_error_recovery\pl0errorrecovery.c(101): warning C4996: 'scanf': This function or variable may be unsafe. Consider using scanf_s instead. To disable deprecation, use _CRT_SECURE_NO_WARNINGS. See online help for details.
                 d:\program files (x86)\microsoft visual studio 10.0\vc\include\stdio.h(304) : see declaration of 'scanf'
     1>e:\teach\《编译原理实践》\课程\上机例程\2016分阶段版本\c版本\2加出错处理\pl0compiler_error_recovery\pl0compiler_error_recovery\pl0errorrecovery.c(103): warning C4996: 'fopen': This function or variable may be unsafe. Consider using fopen_s instead. To disable deprecation, use _CRT_SECURE_NO_WARNINGS. See online help for details.
                 d:\program files (x86)\microsoft visual studio 10.0\vc\include\stdio.h(234) : see declaration of 'fopen'
     1>e:\teach\《编译原理实践》\课程\上机例程\2016分阶段版本\c版本\2加出错处理\pl0compiler_error_recovery\pl0compiler_error_recovery\pl0errorrecovery.c(118): warning C4996: 'fopen': This function or variable may be unsafe. Consider using fopen_s instead. To disable deprecation, use _CRT_SECURE_NO_WARNINGS. See online help for details.
                 d:\program files (x86)\microsoft visual studio 10.0\vc\include\stdio.h(234) : see declaration of 'fopen'
     1>e:\teach\《编译原理实践》\课程\上机例程\2016分阶段版本\c版本\2加出错处理\pl0compiler_error_recovery\pl0compiler_error_recovery\pl0errorrecovery.c(183): warning C4996: 'strcpy': This function or variable may be unsafe. Consider using strcpy_s instead. To disable deprecation, use _CRT_SECURE_NO_WARNINGS. See online help for details.
                 d:\program files (x86)\microsoft visual studio 10.0\vc\include\string.h(105) : see declaration of 'strcpy'
     1>e:\teach\《编译原理实践》\课程\上机例程\2016分阶段版本\c版本\2加出错处理\pl0compiler_error_recovery\pl0compiler_error_recovery\pl0errorrecovery.c(184): warning C4996: 'strcpy': This function or variable may be unsafe. Consider using strcpy_s instead. To disable deprecation, use _CRT_SECURE_NO_WARNINGS. See online help for details.
                 d:\program files (x86)\microsoft visual studio 10.0\vc\include\string.h(105) : see declaration of 'strcpy'
     1>e:\teach\《编译原理实践》\课程\上机例程\2016分阶段版本\c版本\2加出错处理\pl0compiler_error_recovery\pl0compiler_error_recovery\pl0errorrecovery.c(185): warning C4996: 'strcpy': This function or variable may be unsafe. Consider using strcpy_s instead. To disable deprecation, use _CRT_SECURE_NO_WARNINGS. See online help for details.
                 d:\program files (x86)\microsoft visual studio 10.0\vc\include\string.h(105) : see declaration of 'strcpy'
     1>e:\teach\《编译原理实践》\课程\上机例程\2016分阶段版本\c版本\2加出错处理\pl0compiler_error_recovery\pl0compiler_error_recovery\pl0errorrecovery.c(186): warning C4996: 'strcpy': This function or variable may be unsafe. Consider using strcpy_s instead. To disable deprecation, use _CRT_SECURE_NO_WARNINGS. See online help for details.
                 d:\program files (x86)\microsoft visual studio 10.0\vc\include\string.h(105) : see declaration of 'strcpy'
     1>e:\teach\《编译原理实践》\课程\上机例程\2016分阶段版本\c版本\2加出错处理\pl0compiler_error_recovery\pl0compiler_error_recovery\pl0errorrecovery.c(187): warning C4996: 'strcpy': This function or variable may be unsafe. Consider using strcpy_s instead. To disable deprecation, use _CRT_SECURE_NO_WARNINGS. See online help for details.
                 d:\program files (x86)\microsoft visual studio 10.0\vc\include\string.h(105) : see declaration of 'strcpy'
     1>e:\teach\《编译原理实践》\课程\上机例程\2016分阶段版本\c版本\2加出错处理\pl0compiler_error_recovery\pl0compiler_error_recovery\pl0errorrecovery.c(188): warning C4996: 'strcpy': This function or variable may be unsafe. Consider using strcpy_s instead. To disable deprecation, use _CRT_SECURE_NO_WARNINGS. See online help for details.
                 d:\program files (x86)\microsoft visual studio 10.0\vc\include\string.h(105) : see declaration of 'strcpy'
     1>e:\teach\《编译原理实践》\课程\上机例程\2016分阶段版本\c版本\2加出错处理\pl0compiler_error_recovery\pl0compiler_error_recovery\pl0errorrecovery.c(189): warning C4996: 'strcpy': This function or variable may be unsafe. Consider using strcpy_s instead. To disable deprecation, use _CRT_SECURE_NO_WARNINGS. See online help for details.
                 d:\program files (x86)\microsoft visual studio 10.0\vc\include\string.h(105) : see declaration of 'strcpy'
     1>e:\teach\《编译原理实践》\课程\上机例程\2016分阶段版本\c版本\2加出错处理\pl0compiler_error_recovery\pl0compiler_error_recovery\pl0errorrecovery.c(190): warning C4996: 'strcpy': This function or variable may be unsafe. Consider using strcpy_s instead. To disable deprecation, use _CRT_SECURE_NO_WARNINGS. See online help for details.
                 d:\program files (x86)\microsoft visual studio 10.0\vc\include\string.h(105) : see declaration of 'strcpy'
     1>e:\teach\《编译原理实践》\课程\上机例程\2016分阶段版本\c版本\2加出错处理\pl0compiler_error_recovery\pl0compiler_error_recovery\pl0errorrecovery.c(191): warning C4996: 'strcpy': This function or variable may be unsafe. Consider using strcpy_s instead. To disable deprecation, use _CRT_SECURE_NO_WARNINGS. See online help for details.
                 d:\program files (x86)\microsoft visual studio 10.0\vc\include\string.h(105) : see declaration of 'strcpy'
     1>e:\teach\《编译原理实践》\课程\上机例程\2016分阶段版本\c版本\2加出错处理\pl0compiler_error_recovery\pl0compiler_error_recovery\pl0errorrecovery.c(192): warning C4996: 'strcpy': This function or variable may be unsafe. Consider using strcpy_s instead. To disable deprecation, use _CRT_SECURE_NO_WARNINGS. See online help for details.
                 d:\program files (x86)\microsoft visual studio 10.0\vc\include\string.h(105) : see declaration of 'strcpy'
     1>e:\teach\《编译原理实践》\课程\上机例程\2016分阶段版本\c版本\2加出错处理\pl0compiler_error_recovery\pl0compiler_error_recovery\pl0errorrecovery.c(193): warning C4996: 'strcpy': This function or variable may be unsafe. Consider using strcpy_s instead. To disable deprecation, use _CRT_SECURE_NO_WARNINGS. See online help for details.
                 d:\program files (x86)\microsoft visual studio 10.0\vc\include\string.h(105) : see declaration of 'strcpy'
     1>e:\teach\《编译原理实践》\课程\上机例程\2016分阶段版本\c版本\2加出错处理\pl0compiler_error_recovery\pl0compiler_error_recovery\pl0errorrecovery.c(194): warning C4996: 'strcpy': This function or variable may be unsafe. Consider using strcpy_s instead. To disable deprecation, use _CRT_SECURE_NO_WARNINGS. See online help for details.
                 d:\program files (x86)\microsoft visual studio 10.0\vc\include\string.h(105) : see declaration of 'strcpy'
     1>e:\teach\《编译原理实践》\课程\上机例程\2016分阶段版本\c版本\2加出错处理\pl0compiler_error_recovery\pl0compiler_error_recovery\pl0errorrecovery.c(195): warning C4996: 'strcpy': This function or variable may be unsafe. Consider using strcpy_s instead. To disable deprecation, use _CRT_SECURE_NO_WARNINGS. See online help for details.
                 d:\program files (x86)\microsoft visual studio 10.0\vc\include\string.h(105) : see declaration of 'strcpy'
     1>e:\teach\《编译原理实践》\课程\上机例程\2016分阶段版本\c版本\2加出错处理\pl0compiler_error_recovery\pl0compiler_error_recovery\pl0errorrecovery.c(313): warning C4996: 'fscanf': This function or variable may be unsafe. Consider using fscanf_s instead. To disable deprecation, use _CRT_SECURE_NO_WARNINGS. See online help for details.
                 d:\program files (x86)\microsoft visual studio 10.0\vc\include\stdio.h(253) : see declaration of 'fscanf'
     1>e:\teach\《编译原理实践》\课程\上机例程\2016分阶段版本\c版本\2加出错处理\pl0compiler_error_recovery\pl0compiler_error_recovery\pl0errorrecovery.c(352): warning C4996: 'strcpy': This function or variable may be unsafe. Consider using strcpy_s instead. To disable deprecation, use _CRT_SECURE_NO_WARNINGS. See online help for details.
                 d:\program files (x86)\microsoft visual studio 10.0\vc\include\string.h(105) : see declaration of 'strcpy'
     1>e:\teach\《编译原理实践》\课程\上机例程\2016分阶段版本\c版本\2加出错处理\pl0compiler_error_recovery\pl0compiler_error_recovery\pl0errorrecovery.c(487): warning C4101: 'i' : unreferenced local variable
     1>e:\teach\《编译原理实践》\课程\上机例程\2016分阶段版本\c版本\2加出错处理\pl0compiler_error_recovery\pl0compiler_error_recovery\pl0errorrecovery.c(608): warning C4996: 'strcpy': This function or variable may be unsafe. Consider using strcpy_s instead. To disable deprecation, use _CRT_SECURE_NO_WARNINGS. See online help for details.
                 d:\program files (x86)\microsoft visual studio 10.0\vc\include\string.h(105) : see declaration of 'strcpy'
     1>e:\teach\《编译原理实践》\课程\上机例程\2016分阶段版本\c版本\2加出错处理\pl0compiler_error_recovery\pl0compiler_error_recovery\pl0errorrecovery.c(623): warning C4996: 'strcpy': This function or variable may be unsafe. Consider using strcpy_s instead. To disable deprecation, use _CRT_SECURE_NO_WARNINGS. See online help for details.
                 d:\program files (x86)\microsoft visual studio 10.0\vc\include\string.h(105) : see declaration of 'strcpy'
       ManifestResourceCompile:
         All outputs are up-to-date.
       Link:
         d:\Program Files (x86)\Microsoft Visual Studio 10.0\VC\bin\link.exe /ERRORREPORT:PROMPT /OUT:"E:\Teach\《编译原理实践》\课程\上机例程\2016分阶段版本\C版本\2加出错处理\pl0Compiler_Error_Recovery\Debug\pl0Compiler_Error_Recovery.exe" /INCREMENTAL /NOLOGO kernel32.lib user32.lib gdi32.lib winspool.lib comdlg32.lib advapi32.lib shell32.lib ole32.lib oleaut32.lib uuid.lib odbc32.lib odbccp32.lib /MANIFEST /ManifestFile:"Debug\pl0Compiler_Error_Recovery.exe.intermediate.manifest" /MANIFESTUAC:"level='asInvoker' uiAccess='false'" /DEBUG /PDB:"E:\Teach\《编译原理实践》\课程\上机例程\2016分阶段版本\C版本\2加出错处理\pl0Compiler_Error_Recovery\Debug\pl0Compiler_Error_Recovery.pdb" /SUBSYSTEM:CONSOLE /TLBID:1 /DYNAMICBASE /NXCOMPAT /IMPLIB:"E:\Teach\《编译原理实践》\课程\上机例程\2016分阶段版本\C版本\2加出错处理\pl0Compiler_Error_Recovery\Debug\pl0Compiler_Error_Recovery.lib" /MACHINE:X86 Debug\pl0Compiler_Error_Recovery.exe.embed.manifest.res
         Debug\pl0ErrorRecovery.obj
       Manifest:
         C:\Program Files (x86)\Microsoft SDKs\Windows\v7.0A\bin\mt.exe /nologo /verbose /out:"Debug\pl0Compiler_Error_Recovery.exe.embed.manifest" /manifest Debug\pl0Compiler_Error_Recovery.exe.intermediate.manifest
         All outputs are up-to-date.
       LinkEmbedManifest:
         All outputs are up-to-date.
         pl0Compiler_Error_Recovery.vcxproj -> E:\Teach\《编译原理实践》\课程\上机例程\2016分阶段版本\C版本\2加出错处理\pl0Compiler_Error_Recovery\Debug\pl0Compiler_Error_Recovery.exe
       FinalizeBuildStatus:
         Deleting file "Debug\pl0Compiler_Error_Recovery.unsuccessfulbuild".
         Touching "Debug\pl0Compiler_Error_Recovery.lastbuildstate".
     1>Done Building Project "E:\Teach\《编译原理实践》\课程\上机例程\2016分阶段版本\C版本\2加出错处理\pl0Compiler_Error_Recovery\pl0Compiler_Error_Recovery\pl0Compiler_Error_Recovery.vcxproj" (build target(s)).

Build succeeded.

Time Elapsed 00:00:02.13
