Build started 2016-08-22 17:15:40.
     1>Project "E:\Teach\《编译原理实践》\课程\上机例程\2016分阶段版本\C版本\1词语法分析\pl0Compiler_Syntax_Analysis\pl0Compiler_Syntax_Analysis\pl0Compiler_Syntax_Analysis.vcxproj" on node 2 (build target(s)).
     1>InitializeBuildStatus:
         Creating "Debug\pl0Compiler_Syntax_Analysis.unsuccessfulbuild" because "AlwaysCreate" was specified.
       ClCompile:
         d:\Program Files (x86)\Microsoft Visual Studio 10.0\VC\bin\CL.exe /c /ZI /nologo /W3 /WX- /Od /Oy- /D WIN32 /D _DEBUG /D _CONSOLE /D _UNICODE /D UNICODE /Gm /EHsc /RTC1 /MDd /GS /fp:precise /Zc:wchar_t /Zc:forScope /Fo"Debug\\" /Fd"Debug\vc100.pdb" /Gd /TC /analyze- /errorReport:prompt pl0SyntaxAnalysis.c
         pl0SyntaxAnalysis.c
     1>e:\teach\《编译原理实践》\课程\上机例程\2016分阶段版本\c版本\1词语法分析\pl0compiler_syntax_analysis\pl0compiler_syntax_analysis\pl0syntaxanalysis.c(92): warning C4996: 'scanf': This function or variable may be unsafe. Consider using scanf_s instead. To disable deprecation, use _CRT_SECURE_NO_WARNINGS. See online help for details.
                 d:\program files (x86)\microsoft visual studio 10.0\vc\include\stdio.h(304) : see declaration of 'scanf'
     1>e:\teach\《编译原理实践》\课程\上机例程\2016分阶段版本\c版本\1词语法分析\pl0compiler_syntax_analysis\pl0compiler_syntax_analysis\pl0syntaxanalysis.c(94): warning C4996: 'fopen': This function or variable may be unsafe. Consider using fopen_s instead. To disable deprecation, use _CRT_SECURE_NO_WARNINGS. See online help for details.
                 d:\program files (x86)\microsoft visual studio 10.0\vc\include\stdio.h(234) : see declaration of 'fopen'
     1>e:\teach\《编译原理实践》\课程\上机例程\2016分阶段版本\c版本\1词语法分析\pl0compiler_syntax_analysis\pl0compiler_syntax_analysis\pl0syntaxanalysis.c(109): warning C4996: 'fopen': This function or variable may be unsafe. Consider using fopen_s instead. To disable deprecation, use _CRT_SECURE_NO_WARNINGS. See online help for details.
                 d:\program files (x86)\microsoft visual studio 10.0\vc\include\stdio.h(234) : see declaration of 'fopen'
     1>e:\teach\《编译原理实践》\课程\上机例程\2016分阶段版本\c版本\1词语法分析\pl0compiler_syntax_analysis\pl0compiler_syntax_analysis\pl0syntaxanalysis.c(166): warning C4996: 'strcpy': This function or variable may be unsafe. Consider using strcpy_s instead. To disable deprecation, use _CRT_SECURE_NO_WARNINGS. See online help for details.
                 d:\program files (x86)\microsoft visual studio 10.0\vc\include\string.h(105) : see declaration of 'strcpy'
     1>e:\teach\《编译原理实践》\课程\上机例程\2016分阶段版本\c版本\1词语法分析\pl0compiler_syntax_analysis\pl0compiler_syntax_analysis\pl0syntaxanalysis.c(167): warning C4996: 'strcpy': This function or variable may be unsafe. Consider using strcpy_s instead. To disable deprecation, use _CRT_SECURE_NO_WARNINGS. See online help for details.
                 d:\program files (x86)\microsoft visual studio 10.0\vc\include\string.h(105) : see declaration of 'strcpy'
     1>e:\teach\《编译原理实践》\课程\上机例程\2016分阶段版本\c版本\1词语法分析\pl0compiler_syntax_analysis\pl0compiler_syntax_analysis\pl0syntaxanalysis.c(168): warning C4996: 'strcpy': This function or variable may be unsafe. Consider using strcpy_s instead. To disable deprecation, use _CRT_SECURE_NO_WARNINGS. See online help for details.
                 d:\program files (x86)\microsoft visual studio 10.0\vc\include\string.h(105) : see declaration of 'strcpy'
     1>e:\teach\《编译原理实践》\课程\上机例程\2016分阶段版本\c版本\1词语法分析\pl0compiler_syntax_analysis\pl0compiler_syntax_analysis\pl0syntaxanalysis.c(169): warning C4996: 'strcpy': This function or variable may be unsafe. Consider using strcpy_s instead. To disable deprecation, use _CRT_SECURE_NO_WARNINGS. See online help for details.
                 d:\program files (x86)\microsoft visual studio 10.0\vc\include\string.h(105) : see declaration of 'strcpy'
     1>e:\teach\《编译原理实践》\课程\上机例程\2016分阶段版本\c版本\1词语法分析\pl0compiler_syntax_analysis\pl0compiler_syntax_analysis\pl0syntaxanalysis.c(170): warning C4996: 'strcpy': This function or variable may be unsafe. Consider using strcpy_s instead. To disable deprecation, use _CRT_SECURE_NO_WARNINGS. See online help for details.
                 d:\program files (x86)\microsoft visual studio 10.0\vc\include\string.h(105) : see declaration of 'strcpy'
     1>e:\teach\《编译原理实践》\课程\上机例程\2016分阶段版本\c版本\1词语法分析\pl0compiler_syntax_analysis\pl0compiler_syntax_analysis\pl0syntaxanalysis.c(171): warning C4996: 'strcpy': This function or variable may be unsafe. Consider using strcpy_s instead. To disable deprecation, use _CRT_SECURE_NO_WARNINGS. See online help for details.
                 d:\program files (x86)\microsoft visual studio 10.0\vc\include\string.h(105) : see declaration of 'strcpy'
     1>e:\teach\《编译原理实践》\课程\上机例程\2016分阶段版本\c版本\1词语法分析\pl0compiler_syntax_analysis\pl0compiler_syntax_analysis\pl0syntaxanalysis.c(172): warning C4996: 'strcpy': This function or variable may be unsafe. Consider using strcpy_s instead. To disable deprecation, use _CRT_SECURE_NO_WARNINGS. See online help for details.
                 d:\program files (x86)\microsoft visual studio 10.0\vc\include\string.h(105) : see declaration of 'strcpy'
     1>e:\teach\《编译原理实践》\课程\上机例程\2016分阶段版本\c版本\1词语法分析\pl0compiler_syntax_analysis\pl0compiler_syntax_analysis\pl0syntaxanalysis.c(173): warning C4996: 'strcpy': This function or variable may be unsafe. Consider using strcpy_s instead. To disable deprecation, use _CRT_SECURE_NO_WARNINGS. See online help for details.
                 d:\program files (x86)\microsoft visual studio 10.0\vc\include\string.h(105) : see declaration of 'strcpy'
     1>e:\teach\《编译原理实践》\课程\上机例程\2016分阶段版本\c版本\1词语法分析\pl0compiler_syntax_analysis\pl0compiler_syntax_analysis\pl0syntaxanalysis.c(174): warning C4996: 'strcpy': This function or variable may be unsafe. Consider using strcpy_s instead. To disable deprecation, use _CRT_SECURE_NO_WARNINGS. See online help for details.
                 d:\program files (x86)\microsoft visual studio 10.0\vc\include\string.h(105) : see declaration of 'strcpy'
     1>e:\teach\《编译原理实践》\课程\上机例程\2016分阶段版本\c版本\1词语法分析\pl0compiler_syntax_analysis\pl0compiler_syntax_analysis\pl0syntaxanalysis.c(175): warning C4996: 'strcpy': This function or variable may be unsafe. Consider using strcpy_s instead. To disable deprecation, use _CRT_SECURE_NO_WARNINGS. See online help for details.
                 d:\program files (x86)\microsoft visual studio 10.0\vc\include\string.h(105) : see declaration of 'strcpy'
     1>e:\teach\《编译原理实践》\课程\上机例程\2016分阶段版本\c版本\1词语法分析\pl0compiler_syntax_analysis\pl0compiler_syntax_analysis\pl0syntaxanalysis.c(176): warning C4996: 'strcpy': This function or variable may be unsafe. Consider using strcpy_s instead. To disable deprecation, use _CRT_SECURE_NO_WARNINGS. See online help for details.
                 d:\program files (x86)\microsoft visual studio 10.0\vc\include\string.h(105) : see declaration of 'strcpy'
     1>e:\teach\《编译原理实践》\课程\上机例程\2016分阶段版本\c版本\1词语法分析\pl0compiler_syntax_analysis\pl0compiler_syntax_analysis\pl0syntaxanalysis.c(177): warning C4996: 'strcpy': This function or variable may be unsafe. Consider using strcpy_s instead. To disable deprecation, use _CRT_SECURE_NO_WARNINGS. See online help for details.
                 d:\program files (x86)\microsoft visual studio 10.0\vc\include\string.h(105) : see declaration of 'strcpy'
     1>e:\teach\《编译原理实践》\课程\上机例程\2016分阶段版本\c版本\1词语法分析\pl0compiler_syntax_analysis\pl0compiler_syntax_analysis\pl0syntaxanalysis.c(178): warning C4996: 'strcpy': This function or variable may be unsafe. Consider using strcpy_s instead. To disable deprecation, use _CRT_SECURE_NO_WARNINGS. See online help for details.
                 d:\program files (x86)\microsoft visual studio 10.0\vc\include\string.h(105) : see declaration of 'strcpy'
     1>e:\teach\《编译原理实践》\课程\上机例程\2016分阶段版本\c版本\1词语法分析\pl0compiler_syntax_analysis\pl0compiler_syntax_analysis\pl0syntaxanalysis.c(234): warning C4996: 'fscanf': This function or variable may be unsafe. Consider using fscanf_s instead. To disable deprecation, use _CRT_SECURE_NO_WARNINGS. See online help for details.
                 d:\program files (x86)\microsoft visual studio 10.0\vc\include\stdio.h(253) : see declaration of 'fscanf'
     1>e:\teach\《编译原理实践》\课程\上机例程\2016分阶段版本\c版本\1词语法分析\pl0compiler_syntax_analysis\pl0compiler_syntax_analysis\pl0syntaxanalysis.c(273): warning C4996: 'strcpy': This function or variable may be unsafe. Consider using strcpy_s instead. To disable deprecation, use _CRT_SECURE_NO_WARNINGS. See online help for details.
                 d:\program files (x86)\microsoft visual studio 10.0\vc\include\string.h(105) : see declaration of 'strcpy'
     1>e:\teach\《编译原理实践》\课程\上机例程\2016分阶段版本\c版本\1词语法分析\pl0compiler_syntax_analysis\pl0compiler_syntax_analysis\pl0syntaxanalysis.c(383): warning C4101: 'i' : unreferenced local variable
     1>e:\teach\《编译原理实践》\课程\上机例程\2016分阶段版本\c版本\1词语法分析\pl0compiler_syntax_analysis\pl0compiler_syntax_analysis\pl0syntaxanalysis.c(468): warning C4996: 'strcpy': This function or variable may be unsafe. Consider using strcpy_s instead. To disable deprecation, use _CRT_SECURE_NO_WARNINGS. See online help for details.
                 d:\program files (x86)\microsoft visual studio 10.0\vc\include\string.h(105) : see declaration of 'strcpy'
     1>e:\teach\《编译原理实践》\课程\上机例程\2016分阶段版本\c版本\1词语法分析\pl0compiler_syntax_analysis\pl0compiler_syntax_analysis\pl0syntaxanalysis.c(482): warning C4996: 'strcpy': This function or variable may be unsafe. Consider using strcpy_s instead. To disable deprecation, use _CRT_SECURE_NO_WARNINGS. See online help for details.
                 d:\program files (x86)\microsoft visual studio 10.0\vc\include\string.h(105) : see declaration of 'strcpy'
       ManifestResourceCompile:
         All outputs are up-to-date.
       Link:
         d:\Program Files (x86)\Microsoft Visual Studio 10.0\VC\bin\link.exe /ERRORREPORT:PROMPT /OUT:"E:\Teach\《编译原理实践》\课程\上机例程\2016分阶段版本\C版本\1词语法分析\pl0Compiler_Syntax_Analysis\Debug\pl0Compiler_Syntax_Analysis.exe" /INCREMENTAL /NOLOGO kernel32.lib user32.lib gdi32.lib winspool.lib comdlg32.lib advapi32.lib shell32.lib ole32.lib oleaut32.lib uuid.lib odbc32.lib odbccp32.lib /MANIFEST /ManifestFile:"Debug\pl0Compiler_Syntax_Analysis.exe.intermediate.manifest" /MANIFESTUAC:"level='asInvoker' uiAccess='false'" /DEBUG /PDB:"E:\Teach\《编译原理实践》\课程\上机例程\2016分阶段版本\C版本\1词语法分析\pl0Compiler_Syntax_Analysis\Debug\pl0Compiler_Syntax_Analysis.pdb" /SUBSYSTEM:CONSOLE /TLBID:1 /DYNAMICBASE /NXCOMPAT /IMPLIB:"E:\Teach\《编译原理实践》\课程\上机例程\2016分阶段版本\C版本\1词语法分析\pl0Compiler_Syntax_Analysis\Debug\pl0Compiler_Syntax_Analysis.lib" /MACHINE:X86 Debug\pl0Compiler_Syntax_Analysis.exe.embed.manifest.res
         Debug\pl0SyntaxAnalysis.obj
       Manifest:
         C:\Program Files (x86)\Microsoft SDKs\Windows\v7.0A\bin\mt.exe /nologo /verbose /out:"Debug\pl0Compiler_Syntax_Analysis.exe.embed.manifest" /manifest Debug\pl0Compiler_Syntax_Analysis.exe.intermediate.manifest
         All outputs are up-to-date.
       LinkEmbedManifest:
         All outputs are up-to-date.
         pl0Compiler_Syntax_Analysis.vcxproj -> E:\Teach\《编译原理实践》\课程\上机例程\2016分阶段版本\C版本\1词语法分析\pl0Compiler_Syntax_Analysis\Debug\pl0Compiler_Syntax_Analysis.exe
       FinalizeBuildStatus:
         Deleting file "Debug\pl0Compiler_Syntax_Analysis.unsuccessfulbuild".
         Touching "Debug\pl0Compiler_Syntax_Analysis.lastbuildstate".
     1>Done Building Project "E:\Teach\《编译原理实践》\课程\上机例程\2016分阶段版本\C版本\1词语法分析\pl0Compiler_Syntax_Analysis\pl0Compiler_Syntax_Analysis\pl0Compiler_Syntax_Analysis.vcxproj" (build target(s)).

Build succeeded.

Time Elapsed 00:00:03.62
